[debug] [2021-11-04T12:05:23.690Z] ----------------------------------------------------------------------
[debug] [2021-11-04T12:05:23.692Z] Command:       C:\Program Files\nodejs\node.exe C:\Users\torben.vanassche\AppData\Roaming\npm\node_modules\firebase-tools\lib\bin\firebase.js deploy
[debug] [2021-11-04T12:05:23.692Z] CLI Version:   9.21.0
[debug] [2021-11-04T12:05:23.692Z] Platform:      win32
[debug] [2021-11-04T12:05:23.692Z] Node Version:  v14.18.1
[debug] [2021-11-04T12:05:23.693Z] Time:          Thu Nov 04 2021 13:05:23 GMT+0100 (Midden-Europese standaardtijd)
[debug] [2021-11-04T12:05:23.694Z] ----------------------------------------------------------------------
[debug] 
[debug] [2021-11-04T12:05:23.777Z] > command requires scopes: ["email","openid","https://www.googleapis.com/auth/cloudplatformprojects.readonly","https://www.googleapis.com/auth/firebase","https://www.googleapis.com/auth/cloud-platform"]
[debug] [2021-11-04T12:05:23.778Z] > authorizing via signed-in user (oniki.agency@gmail.com)
[debug] [2021-11-04T12:05:23.779Z] [iam] checking project lightbulb-330507 for permissions ["firebase.projects.get","firebasehosting.sites.update"]
[debug] [2021-11-04T12:05:23.785Z] > refreshing access token with scopes: ["email","https://www.googleapis.com/auth/cloud-platform","https://www.googleapis.com/auth/cloudplatformprojects.readonly","https://www.googleapis.com/auth/firebase","openid"]
[debug] [2021-11-04T12:05:23.786Z] >>> HTTP REQUEST POST https://www.googleapis.com/oauth2/v3/token  
 <request body omitted>
[debug] [2021-11-04T12:05:24.020Z] <<< HTTP RESPONSE 200 {"date":"Thu, 04 Nov 2021 12:05:23 GMT","cache-control":"no-cache, no-store, max-age=0, must-revalidate","pragma":"no-cache","expires":"Mon, 01 Jan 1990 00:00:00 GMT","content-type":"application/json; charset=utf-8","vary":"X-Origin, Referer, Origin,Accept-Encoding","server":"scaffolding on HTTPServer2","x-xss-protection":"0","x-frame-options":"SAMEORIGIN","x-content-type-options":"nosniff","alt-svc":"h3=\":443\"; ma=2592000,h3-29=\":443\"; ma=2592000,h3-Q050=\":443\"; ma=2592000,h3-Q046=\":443\"; ma=2592000,h3-Q043=\":443\"; ma=2592000,quic=\":443\"; ma=2592000; v=\"46,43\"","accept-ranges":"none","transfer-encoding":"chunked"}
[debug] [2021-11-04T12:05:24.048Z] >>> HTTP REQUEST POST https://cloudresourcemanager.googleapis.com/v1/projects/lightbulb-330507:testIamPermissions  
 {"permissions":["firebase.projects.get","firebasehosting.sites.update"]}
[debug] [2021-11-04T12:05:24.797Z] <<< HTTP RESPONSE 200 {"content-type":"application/json; charset=UTF-8","vary":"X-Origin, Referer, Origin,Accept-Encoding","date":"Thu, 04 Nov 2021 12:05:24 GMT","server":"ESF","cache-control":"private","x-xss-protection":"0","x-frame-options":"SAMEORIGIN","x-content-type-options":"nosniff","server-timing":"gfet4t7; dur=584","alt-svc":"h3=\":443\"; ma=2592000,h3-29=\":443\"; ma=2592000,h3-Q050=\":443\"; ma=2592000,h3-Q046=\":443\"; ma=2592000,h3-Q043=\":443\"; ma=2592000,quic=\":443\"; ma=2592000; v=\"46,43\"","accept-ranges":"none","transfer-encoding":"chunked"}
[debug] [2021-11-04T12:05:24.801Z] > refreshing access token with scopes: []
[debug] [2021-11-04T12:05:24.801Z] >>> HTTP REQUEST POST https://www.googleapis.com/oauth2/v3/token  
 <request body omitted>
[debug] [2021-11-04T12:05:24.961Z] <<< HTTP RESPONSE 200 {"expires":"Mon, 01 Jan 1990 00:00:00 GMT","cache-control":"no-cache, no-store, max-age=0, must-revalidate","date":"Thu, 04 Nov 2021 12:05:24 GMT","pragma":"no-cache","content-type":"application/json; charset=utf-8","vary":"X-Origin, Referer, Origin,Accept-Encoding","server":"scaffolding on HTTPServer2","x-xss-protection":"0","x-frame-options":"SAMEORIGIN","x-content-type-options":"nosniff","alt-svc":"h3=\":443\"; ma=2592000,h3-29=\":443\"; ma=2592000,h3-Q050=\":443\"; ma=2592000,h3-Q046=\":443\"; ma=2592000,h3-Q043=\":443\"; ma=2592000,quic=\":443\"; ma=2592000; v=\"46,43\"","accept-ranges":"none","transfer-encoding":"chunked"}
[debug] [2021-11-04T12:05:24.986Z] >>> [apiv2][query] GET https://firebase.googleapis.com/v1beta1/projects/lightbulb-330507 [none]
[debug] [2021-11-04T12:05:25.440Z] <<< [apiv2][status] GET https://firebase.googleapis.com/v1beta1/projects/lightbulb-330507 200
[debug] [2021-11-04T12:05:25.441Z] <<< [apiv2][body] GET https://firebase.googleapis.com/v1beta1/projects/lightbulb-330507 {"projectId":"lightbulb-330507","projectNumber":"739901152074","displayName":"oniki-lightbulb","name":"projects/lightbulb-330507","resources":{"hostingSite":"lightbulb-330507"},"state":"ACTIVE"}
[info] 
[info] === Deploying to 'lightbulb-330507'...
[info] 
[info] i  deploying hosting 
[debug] [2021-11-04T12:05:25.451Z] > refreshing access token with scopes: ["email","https://www.googleapis.com/auth/cloud-platform","https://www.googleapis.com/auth/cloudplatformprojects.readonly","https://www.googleapis.com/auth/firebase","openid"]
[debug] [2021-11-04T12:05:25.452Z] >>> HTTP REQUEST POST https://www.googleapis.com/oauth2/v3/token  
 <request body omitted>
[debug] [2021-11-04T12:05:25.646Z] <<< HTTP RESPONSE 200 {"date":"Thu, 04 Nov 2021 12:05:25 GMT","pragma":"no-cache","cache-control":"no-cache, no-store, max-age=0, must-revalidate","expires":"Mon, 01 Jan 1990 00:00:00 GMT","content-type":"application/json; charset=utf-8","vary":"X-Origin, Referer, Origin,Accept-Encoding","server":"scaffolding on HTTPServer2","x-xss-protection":"0","x-frame-options":"SAMEORIGIN","x-content-type-options":"nosniff","alt-svc":"h3=\":443\"; ma=2592000,h3-29=\":443\"; ma=2592000,h3-Q050=\":443\"; ma=2592000,h3-Q046=\":443\"; ma=2592000,h3-Q043=\":443\"; ma=2592000,quic=\":443\"; ma=2592000; v=\"46,43\"","accept-ranges":"none","transfer-encoding":"chunked"}
[debug] [2021-11-04T12:05:25.672Z] >>> HTTP REQUEST POST https://firebasehosting.googleapis.com/v1beta1/sites/lightbulb-330507/versions  
 {"config":{"rewrites":[{"glob":"**","path":"/index.html"}]},"labels":{"deployment-tool":"cli-firebase"}}
[debug] [2021-11-04T12:05:27.102Z] <<< HTTP RESPONSE 200 {"content-type":"application/json; charset=UTF-8","vary":"X-Origin, Referer, Origin,Accept-Encoding","date":"Thu, 04 Nov 2021 12:05:26 GMT","server":"ESF","cache-control":"private","x-xss-protection":"0","x-frame-options":"SAMEORIGIN","x-content-type-options":"nosniff","alt-svc":"h3=\":443\"; ma=2592000,h3-29=\":443\"; ma=2592000,h3-Q050=\":443\"; ma=2592000,h3-Q046=\":443\"; ma=2592000,h3-Q043=\":443\"; ma=2592000,quic=\":443\"; ma=2592000; v=\"46,43\"","accept-ranges":"none","transfer-encoding":"chunked"}
[info] i  hosting[lightbulb-330507]: beginning deploy... 
[info] i  hosting[lightbulb-330507]: found 28 files in dist/apps/configurator 
[debug] [2021-11-04T12:05:27.155Z] > refreshing access token with scopes: []
[debug] [2021-11-04T12:05:27.156Z] >>> HTTP REQUEST POST https://www.googleapis.com/oauth2/v3/token  
 <request body omitted>
[debug] [2021-11-04T12:05:27.162Z] [hosting] hash cache [ZGlzdFxhcHBzXGNvbmZpZ3VyYXRvcg] stored for 28 files
[debug] [2021-11-04T12:05:27.162Z] [hosting][hash queue][FINAL] {"max":4,"min":1,"avg":1,"active":0,"complete":28,"success":28,"errored":0,"retried":0,"total":28,"elapsed":12}
[debug] [2021-11-04T12:05:27.358Z] <<< HTTP RESPONSE 200 {"cache-control":"no-cache, no-store, max-age=0, must-revalidate","date":"Thu, 04 Nov 2021 12:05:27 GMT","pragma":"no-cache","expires":"Mon, 01 Jan 1990 00:00:00 GMT","content-type":"application/json; charset=utf-8","vary":"X-Origin, Referer, Origin,Accept-Encoding","server":"scaffolding on HTTPServer2","x-xss-protection":"0","x-frame-options":"SAMEORIGIN","x-content-type-options":"nosniff","alt-svc":"h3=\":443\"; ma=2592000,h3-29=\":443\"; ma=2592000,h3-Q050=\":443\"; ma=2592000,h3-Q046=\":443\"; ma=2592000,h3-Q043=\":443\"; ma=2592000,quic=\":443\"; ma=2592000; v=\"46,43\"","accept-ranges":"none","transfer-encoding":"chunked"}
[debug] [2021-11-04T12:05:27.385Z] >>> [apiv2][query] POST https://firebasehosting.googleapis.com/v1beta1/sites/lightbulb-330507/versions/cd9362da0679c1f8:populateFiles [none]
[debug] [2021-11-04T12:05:27.386Z] >>> [apiv2][body] POST https://firebasehosting.googleapis.com/v1beta1/sites/lightbulb-330507/versions/cd9362da0679c1f8:populateFiles {"files":{"/3rdpartylicenses.txt":"1f5f20be21d0f78353648b093ba9de6b2ab245ce764990380f894601e789b56c","/favicon.ico":"c75402eb86e9fb52cab99cf49b5efcd20448db4db1250216a9e1fdcc2244b6a9","/index.html":"fb3c7148e67b3616226d89424909f07ebe98dec6f950987cfc6dccd7f1344ad2","/main.f19952c6c05fcda7aedd.js":"261f1b49142d83115fa3d02de36584f6e2d41aa4c4c6ed5cb178086a94b5fea0","/polyfills.757a0a9e3e334328091b.js":"2f59fc206619e87ae1ea85c4fb558144db8e7880dcae4e71577d4b1e9f686b7d","/runtime.7ec8a5e372612bba87f5.js":"750ea35cc91dfd57e0eff54cbf1173489472c0f501d812a9c5aff8fa3cf24ab9","/styles.1d41d63f30be78c17ac6.css":"2f0e679fadbabf3a5fcb4479bca4d5a1948930ffa7d3c6d6c2c04c721e55b999","/assets/ONiKi.jpg":"d24f59699df51b3bc7d0da275a350d99bf6a757b4618416c3cb6c630c0697189","/assets/studio_1k.exr":"ff6b3269eb9787f942714c5060a32f95ac1367f0c6c1ea156828b28101d904b5","/assets/meshes/bulb-fitting.glb":"8d7f178163ba48f9417a184a42b35e7a8201c3c4e555c40ed35ebad118c7d95a","/assets/meshes/cable.glb":"d4704bef3aa3b5480f438fde7d80bbd08d4f5bd221d71415fe7975f2a2fa3950","/assets/meshes/bulb-regular/bulb-glass.glb":"33032728f338da891bd2ef9e872787c95e13154e2501dcfc7dd52b3a41e83b76","/assets/meshes/bulb-regular/bulb-internal.glb":"b7286102f10274192284b369b61ea267b056ab8215d3539f601593ad99b75288","/assets/meshes/bulb-variant1/bulb-glass.glb":"8bd54427f7361aa237363bf466c188509bf32d3169a6e28a82a8e8fc71afdd59","/assets/meshes/Socket/Cable.glb":"e20c0af5f85cf6d2c1882688230743b5de5b0761d65804420cd60dc222c009f3","/assets/meshes/Socket/Socket.glb":"4f72a7fcd15238d2c2bfc8d8202ec37ea085411dd6b0f76fa4a88ac848de3296","/assets/textures/copper/INC_Socket_Socket_Base_Copper_BaseColor.png":"e15e11784723352614edca2d8d7abe8222ffdfe32574faafe1d33c1e6d56be1e","/assets/textures/copper/INC_Socket_Socket_Base_Copper_Metallic.png":"0bf809e68bddb74a2aa665fd1f1ff50d32781dff25f0309b67d42a8471612612","/assets/textures/copper/INC_Socket_Socket_Base_Copper_Normal.png":"7cbfb3c894153b3634a109dd8671afa2f1bdec1ca5fb7e5c8c2e23d28a063663","/assets/textures/copper/INC_Socket_Socket_Base_Copper_Roughness.png":"d04fc996ee32b02ba6497b1c10194d87e103ed93c3e21da7e25c4fd85c56b178","/assets/textures/copper/INC_Socket_Socket_Knurled_Copper_BaseColor.png":"636541b25158df1cb91acb9e430fbd7f52c65fa176a2a36bdb15b321ed56c3d8","/assets/textures/copper/INC_Socket_Socket_Knurled_Copper_Metallic.png":"d71868557fd05c650e3d16271c7265855b3a6369618dc075e154e6e95cba9fa9","/assets/textures/copper/INC_Socket_Socket_Knurled_Copper_Normal.png":"2048ed6b32216e887c93c8588e063145222df808d48f6596e228e6f16516cff3","/assets/textures/copper/INC_Socket_Socket_Knurled_Copper_Roughness.png":"551dbb86161ff9afd7dd93149ddb0a01a906ae17e8e9dbdba20c5cf31332731b","/assets/textures/glass/Config_Lightbulb_V1_Bulb_Glass_BaseColor.png":"e4ed9d53d9dc6e832bd9c814e1ec7237c7a4fdc6f686a2b9b7b5207fc76f568f","/assets/textures/glass/Config_Lightbulb_V1_Bulb_Glass_Metallic.png":"b183dce72f798a8f93556255726742331c1b9cd365242224f8ad5fa6e50f2f32","/assets/textures/glass/Config_Lightbulb_V1_Bulb_Glass_Normal.png":"237a31af032b33ee89ca725bcd669e8d0e5c0a38ab1140d603340c906aa93011","/assets/textures/glass/Config_Lightbulb_V1_Bulb_Glass_Roughness.png":"98bfab6d1a083d5d64ef530dac4862d7721c28a8f633deaa79dbb3d8d5215193"}}
[debug] [2021-11-04T12:05:28.521Z] <<< [apiv2][status] POST https://firebasehosting.googleapis.com/v1beta1/sites/lightbulb-330507/versions/cd9362da0679c1f8:populateFiles 200
[debug] [2021-11-04T12:05:28.521Z] <<< [apiv2][body] POST https://firebasehosting.googleapis.com/v1beta1/sites/lightbulb-330507/versions/cd9362da0679c1f8:populateFiles {"uploadUrl":"https://upload-firebasehosting.googleapis.com/upload/sites/lightbulb-330507/versions/cd9362da0679c1f8/files"}
[debug] [2021-11-04T12:05:28.522Z] [hosting][populate queue][FINAL] {"max":1366,"min":1366,"avg":1366,"active":0,"complete":1,"success":1,"errored":0,"retried":0,"total":1,"elapsed":1367}
[debug] [2021-11-04T12:05:28.522Z] [hosting] uploads queued: 0
[debug] [2021-11-04T12:05:28.523Z] [hosting][upload queue][FINAL] {"max":0,"min":9999999999,"avg":0,"active":0,"complete":0,"success":0,"errored":0,"retried":0,"total":0,"elapsed":1636027528523}
[info] +  hosting[lightbulb-330507]: file upload complete 
[debug] [2021-11-04T12:05:28.524Z] [hosting] deploy completed after 1420ms
[debug] [2021-11-04T12:05:28.529Z] [
  {
    "config": {
      "public": "dist/apps/configurator",
      "ignore": [
        "firebase.json",
        "**/.*",
        "**/node_modules/**"
      ],
      "rewrites": [
        {
          "source": "**",
          "destination": "/index.html"
        }
      ],
      "site": "lightbulb-330507"
    },
    "site": "lightbulb-330507",
    "version": "sites/lightbulb-330507/versions/cd9362da0679c1f8"
  }
]
[info] i  hosting[lightbulb-330507]: finalizing version... 
[debug] [2021-11-04T12:05:28.531Z] > refreshing access token with scopes: ["email","https://www.googleapis.com/auth/cloud-platform","https://www.googleapis.com/auth/cloudplatformprojects.readonly","https://www.googleapis.com/auth/firebase","openid"]
[debug] [2021-11-04T12:05:28.531Z] >>> HTTP REQUEST POST https://www.googleapis.com/oauth2/v3/token  
 <request body omitted>
